{"E:\\ANKIT_CODE\\REACT-byme\\react-practise\\food-app\\finalFoodWEBAPPUploaded\\src\\Component\\About.js": {"path":"E:\\ANKIT_CODE\\REACT-byme\\react-practise\\food-app\\finalFoodWEBAPPUploaded\\src\\Component\\About.js","statementMap":{"0":{"start":{"line":1,"column":12},"end":{"line":17,"column":1}},"1":{"start":{"line":2,"column":4},"end":{"line":16,"column":5}}},"fnMap":{"0":{"name":"(anonymous_0)","decl":{"start":{"line":1,"column":12},"end":{"line":1,"column":13}},"loc":{"start":{"line":1,"column":16},"end":{"line":17,"column":1}},"line":1}},"branchMap":{},"s":{"0":1,"1":2},"f":{"0":2},"b":{},"_coverageSchema":"1a1c01bbd47fc00a2c39e90264f33305004495a9","hash":"f9cf8209a02b326964430704ab1832047334898a"}
,"E:\\ANKIT_CODE\\REACT-byme\\react-practise\\food-app\\finalFoodWEBAPPUploaded\\src\\Component\\sum.js": {"path":"E:\\ANKIT_CODE\\REACT-byme\\react-practise\\food-app\\finalFoodWEBAPPUploaded\\src\\Component\\sum.js","statementMap":{"0":{"start":{"line":1,"column":19},"end":{"line":3,"column":1}},"1":{"start":{"line":2,"column":0},"end":{"line":2,"column":13}}},"fnMap":{"0":{"name":"(anonymous_0)","decl":{"start":{"line":1,"column":19},"end":{"line":1,"column":20}},"loc":{"start":{"line":1,"column":27},"end":{"line":3,"column":1}},"line":1}},"branchMap":{},"s":{"0":1,"1":1},"f":{"0":1},"b":{},"_coverageSchema":"1a1c01bbd47fc00a2c39e90264f33305004495a9","hash":"97d523bfc601a0f4cfd497eac4e22002686d79ab"}
}
